Build started 7/22/2010 11:03:47 PM.
     1>Project "D:\Desktop\CPSC 260\Lab 9\lab09.vcxproj" on node 2 (build target(s)).
     1>InitializeBuildStatus:
         Touching "Debug\lab09.unsuccessfulbuild".
       ClCompile:
         All outputs are up-to-date.
       ManifestResourceCompile:
         All outputs are up-to-date.
       Link:
         C:\Program Files\Microsoft Visual Studio 10.0\VC\bin\link.exe /ERRORREPORT:PROMPT /OUT:"D:\Desktop\CPSC 260\Lab 9\Debug\lab09.exe" /INCREMENTAL /NOLOGO kernel32.lib user32.lib gdi32.lib winspool.lib comdlg32.lib advapi32.lib shell32.lib ole32.lib oleaut32.lib uuid.lib odbc32.lib odbccp32.lib /MANIFEST /ManifestFile:"Debug\lab09.exe.intermediate.manifest" /MANIFESTUAC:"level='asInvoker' uiAccess='false'" /DEBUG /PDB:"D:\Desktop\CPSC 260\Lab 9\Debug\lab09.pdb" /SUBSYSTEM:CONSOLE /TLBID:1 /DYNAMICBASE /NXCOMPAT /IMPLIB:"D:\Desktop\CPSC 260\Lab 9\Debug\lab09.lib" /MACHINE:X86 Debug\lab09.exe.embed.manifest.res
         Debug\vtable.obj
     1>vtable.obj : error LNK2001: unresolved external symbol "public: virtual void __thiscall AAA::one(int)" (?one@AAA@@UAEXH@Z)
     1>D:\Desktop\CPSC 260\Lab 9\Debug\lab09.exe : fatal error LNK1120: 1 unresolved externals
     1>Done Building Project "D:\Desktop\CPSC 260\Lab 9\lab09.vcxproj" (build target(s)) -- FAILED.

Build FAILED.

Time Elapsed 00:00:00.21
