Build started 7/6/2010 9:09:04 PM.
     1>Project "D:\Desktop\CPSC 260\Lab 5\lab05.vcxproj" on node 2 (build target(s)).
     1>InitializeBuildStatus:
         Touching "Debug\lab05.unsuccessfulbuild".
       ClCompile:
         C:\Program Files\Microsoft Visual Studio 10.0\VC\bin\CL.exe /c /Zi /nologo /W3 /WX- /Od /Oy- /D WIN32 /D _DEBUG /D _CONSOLE /Gm /EHsc /RTC1 /MDd /GS /fp:precise /Zc:wchar_t /Zc:forScope /Fo"Debug\\" /Fd"Debug\vc100.pdb" /Gd /TP /analyze- /errorReport:prompt "FullTimeEmployee-driver.cpp"
         FullTimeEmployee-driver.cpp
     1>FullTimeEmployee-driver.cpp(52): error C3861: 'calculateTarget': identifier not found
     1>FullTimeEmployee-driver.cpp(57): error C3861: 'calculateTarget': identifier not found
     1>FullTimeEmployee-driver.cpp(66): error C3861: 'calculateTarget': identifier not found
     1>Done Building Project "D:\Desktop\CPSC 260\Lab 5\lab05.vcxproj" (build target(s)) -- FAILED.

Build FAILED.

Time Elapsed 00:00:00.72
